c:\users\maquico\source\repos\proyectograficas2024-1\project1\projecto final\debug\vc143.pdb
c:\users\maquico\source\repos\proyectograficas2024-1\project1\projecto final\debug\vc143.idb
c:\users\maquico\source\repos\proyectograficas2024-1\project1\projecto final\debug\window.obj
c:\users\maquico\source\repos\proyectograficas2024-1\project1\projecto final\debug\texture.obj
c:\users\maquico\source\repos\proyectograficas2024-1\project1\projecto final\debug\spotlight.obj
c:\users\maquico\source\repos\proyectograficas2024-1\project1\projecto final\debug\sphere.obj
c:\users\maquico\source\repos\proyectograficas2024-1\project1\projecto final\debug\skybox.obj
c:\users\maquico\source\repos\proyectograficas2024-1\project1\projecto final\debug\shader_light.obj
c:\users\maquico\source\repos\proyectograficas2024-1\project1\projecto final\debug\proyectofinal main.obj
c:\users\maquico\source\repos\proyectograficas2024-1\project1\projecto final\debug\pointlight.obj
c:\users\maquico\source\repos\proyectograficas2024-1\project1\projecto final\debug\model.obj
c:\users\maquico\source\repos\proyectograficas2024-1\project1\projecto final\debug\mesh_tn.obj
c:\users\maquico\source\repos\proyectograficas2024-1\project1\projecto final\debug\material.obj
c:\users\maquico\source\repos\proyectograficas2024-1\project1\projecto final\debug\light.obj
c:\users\maquico\source\repos\proyectograficas2024-1\project1\projecto final\debug\directionallight.obj
c:\users\maquico\source\repos\proyectograficas2024-1\project1\projecto final\debug\camera.obj
c:\users\maquico\source\repos\proyectograficas2024-1\project1\debug\projecto final.exe
c:\users\maquico\source\repos\proyectograficas2024-1\project1\projecto final\debug\projecto final.ilk
c:\users\maquico\source\repos\proyectograficas2024-1\project1\debug\projecto final.pdb
c:\users\maquico\source\repos\proyectograficas2024-1\project1\projecto final\debug\projecto final.tlog\cl.command.1.tlog
c:\users\maquico\source\repos\proyectograficas2024-1\project1\projecto final\debug\projecto final.tlog\cl.items.tlog
c:\users\maquico\source\repos\proyectograficas2024-1\project1\projecto final\debug\projecto final.tlog\cl.read.1.tlog
c:\users\maquico\source\repos\proyectograficas2024-1\project1\projecto final\debug\projecto final.tlog\cl.write.1.tlog
c:\users\maquico\source\repos\proyectograficas2024-1\project1\projecto final\debug\projecto final.tlog\link.command.1.tlog
c:\users\maquico\source\repos\proyectograficas2024-1\project1\projecto final\debug\projecto final.tlog\link.read.1.tlog
c:\users\maquico\source\repos\proyectograficas2024-1\project1\projecto final\debug\projecto final.tlog\link.write.1.tlog
